#! /usr/bin/vvp
:ivl_version "11.0 (stable)";
:ivl_delay_selection "TYPICAL";
:vpi_time_precision + 0;
:vpi_module "/usr/lib/x86_64-linux-gnu/ivl/system.vpi";
:vpi_module "/usr/lib/x86_64-linux-gnu/ivl/vhdl_sys.vpi";
:vpi_module "/usr/lib/x86_64-linux-gnu/ivl/vhdl_textio.vpi";
:vpi_module "/usr/lib/x86_64-linux-gnu/ivl/v2005_math.vpi";
:vpi_module "/usr/lib/x86_64-linux-gnu/ivl/va_math.vpi";
S_0x55c26b6e0df0 .scope module, "sha1" "sha1" 2 14;
 .timescale 0 0;
    .port_info 0 /INPUT 1 "clk";
    .port_info 1 /INPUT 1 "rst_n";
    .port_info 2 /INPUT 1 "valid";
    .port_info 3 /INPUT 8 "t";
    .port_info 4 /INPUT 512 "din";
    .port_info 5 /OUTPUT 32 "w";
P_0x55c26b6e0f80 .param/l "N" 0 2 15, +C4<00000000000000000000000000100000>;
o0x7ffbe4cba018 .functor BUFZ 1, C4<z>; HiZ drive
v0x55c26b6e2f30_0 .net "clk", 0 0, o0x7ffbe4cba018;  0 drivers
o0x7ffbe4cba048 .functor BUFZ 512, C4<zzzzzzzzzzzzzzzzzzzzzzzzzzzzzzzzzzzzzzzzzzzzzzzzzzzzzzzzzzzzzzzzzzzzzzzzzzzzzzzzzzzzzzzzzzzzzzzzzzzzzzzzzzzzzzzzzzzzzzzzzzzzzzzzzzzzzzzzzzzzzzzzzzzzzzzzzzzzzzzzzzzzzzzzzzzzzzzzzzzzzzzzzzzzzzzzzzzzzzzzzzzzzzzzzzzzzzzzzzzzzzzzzzzzzzzzzzzzzzzzzzzzzzzzzzzzzzzzzzzzzzzzzzzzzzzzzzzzzzzzzzzzzzzzzzzzzzzzzzzzzzzzzzzzzzzzzzzzzzzzzzzzzzzzzzzzzzzzzzzzzzzzzzzzzzzzzzzzzzzzzzzzzzzzzzzzzzzzzzzzzzzzzzzzzzzzzzzzzzzzzzzzzzzzzzzzzzzzzzzzzzzzzzzzzzzzzzzzzzzzzzzzzzzzzzzzzzzzzzzzzzzzzzzzzzzzzzzzzzzzzzzzzzzzzzzzzzzzzzzzzzzzzzzzzzzz>; HiZ drive
v0x55c26b727580_0 .net "din", 511 0, o0x7ffbe4cba048;  0 drivers
o0x7ffbe4cba078 .functor BUFZ 1, C4<z>; HiZ drive
v0x55c26b727660_0 .net "rst_n", 0 0, o0x7ffbe4cba078;  0 drivers
o0x7ffbe4cba0a8 .functor BUFZ 8, C4<zzzzzzzz>; HiZ drive
v0x55c26b727730_0 .net "t", 7 0, o0x7ffbe4cba0a8;  0 drivers
o0x7ffbe4cba0d8 .functor BUFZ 1, C4<z>; HiZ drive
v0x55c26b727810_0 .net "valid", 0 0, o0x7ffbe4cba0d8;  0 drivers
o0x7ffbe4cba108 .functor BUFZ 32, C4<zzzzzzzzzzzzzzzzzzzzzzzzzzzzzzzz>; HiZ drive
v0x55c26b727920_0 .net "w", 31 0, o0x7ffbe4cba108;  0 drivers
# The file index is used to find the file name in the following table.
:file_names 3;
    "N/A";
    "<interactive>";
    "/home/zpn/SHA1/v/src/sha1_w.v";
